[    0.000000] Initializing cgroup subsys cpuset
[    0.000000] Initializing cgroup subsys cpu
[    0.000000] Initializing cgroup subsys cpuacct
[    0.000000] Linux version 4.4.0-210-generic (buildd@lgw01-amd64-009) (gcc version 5.4.0 20160609 (Ubuntu 5.4.0-6ubuntu1~16.04.12) ) #242-Ubuntu SMP Fri Apr 16 09:57:56 UTC 2021 (Ubuntu 4.4.0-210.242-generic 4.4.262)
[    0.000000] Command line: BOOT_IMAGE=/boot/vmlinuz-4.4.0-210-generic root=LABEL=cloudimg-rootfs ro console=tty1 console=ttyS0
[    0.000000] KERNEL supported cpus:
[    0.000000]   Intel GenuineIntel
[    0.000000]   AMD AuthenticAMD
[    0.000000]   Centaur CentaurHauls
[    0.000000] [Firmware Bug]: TSC doesn't count with P0 frequency!
[    0.000000] x86/fpu: xstate_offset[2]:  576, xstate_sizes[2]:  256
[    0.000000] x86/fpu: Supporting XSAVE feature 0x01: 'x87 floating point registers'
[    0.000000] x86/fpu: Supporting XSAVE feature 0x02: 'SSE registers'
[    0.000000] x86/fpu: Supporting XSAVE feature 0x04: 'AVX registers'
[    0.000000] x86/fpu: Enabled xstate features 0x7, context size is 832 bytes, using 'standard' format.
[    0.000000] e820: BIOS-provided physical RAM map:
[    0.000000] BIOS-e820: [mem 0x0000000000000000-0x000000000009fbff] usable
[    0.000000] BIOS-e820: [mem 0x000000000009fc00-0x000000000009ffff] reserved
[    0.000000] BIOS-e820: [mem 0x00000000000f0000-0x00000000000fffff] reserved
[    0.000000] BIOS-e820: [mem 0x0000000000100000-0x000000003ffeffff] usable
[    0.000000] BIOS-e820: [mem 0x000000003fff0000-0x000000003fffffff] ACPI data
[    0.000000] BIOS-e820: [mem 0x00000000fec00000-0x00000000fec00fff] reserved
[    0.000000] BIOS-e820: [mem 0x00000000fee00000-0x00000000fee00fff] reserved
[    0.000000] BIOS-e820: [mem 0x00000000fffc0000-0x00000000ffffffff] reserved
[    0.000000] NX (Execute Disable) protection: active
[    0.000000] SMBIOS 2.5 present.
[    0.000000] Hypervisor detected: KVM
[    0.000000] Kernel/User page tables isolation: disabled
[    0.000000] e820: last_pfn = 0x3fff0 max_arch_pfn = 0x400000000
[    0.000000] MTRR: Disabled
[    0.000000] x86/PAT: MTRRs disabled, skipping PAT initialization too.
[    0.000000] CPU MTRRs all blank - virtualized system.
[    0.000000] x86/PAT: Configuration [0-7]: WB  WT  UC- UC  WB  WT  UC- UC  
[    0.000000] found SMP MP-table at [mem 0x0009fff0-0x0009ffff] mapped at [ffff88000009fff0]
[    0.000000] Scanning 1 areas for low memory corruption
[    0.000000] RAMDISK: [mem 0x362dc000-0x37165fff]
[    0.000000] ACPI: Early table checksum verification disabled
[    0.000000] ACPI: RSDP 0x00000000000E0000 000024 (v02 VBOX  )
[    0.000000] ACPI: XSDT 0x000000003FFF0030 00003C (v01 VBOX   VBOXXSDT 00000001 ASL  00000061)
[    0.000000] ACPI: FACP 0x000000003FFF00F0 0000F4 (v04 VBOX   VBOXFACP 00000001 ASL  00000061)
[    0.000000] ACPI: DSDT 0x000000003FFF0610 002353 (v02 VBOX   VBOXBIOS 00000002 INTL 20190509)
[    0.000000] ACPI: FACS 0x000000003FFF0200 000040
[    0.000000] ACPI: FACS 0x000000003FFF0200 000040
[    0.000000] ACPI: APIC 0x000000003FFF0240 00005C (v02 VBOX   VBOXAPIC 00000001 ASL  00000061)
[    0.000000] ACPI: SSDT 0x000000003FFF02A0 00036C (v01 VBOX   VBOXCPUT 00000002 INTL 20190509)
[    0.000000] No NUMA configuration found
[    0.000000] Faking a node at [mem 0x0000000000000000-0x000000003ffeffff]
[    0.000000] NODE_DATA(0) allocated [mem 0x3ffeb000-0x3ffeffff]
[    0.000000] kvm-clock: Using msrs 4b564d01 and 4b564d00
[    0.000000] kvm-clock: cpu 0, msr 0:3ffe3001, primary cpu clock
[    0.000000] kvm-clock: using sched offset of 2918802012 cycles
[    0.000000] clocksource: kvm-clock: mask: 0xffffffffffffffff max_cycles: 0x1cd42e4dffb, max_idle_ns: 881590591483 ns
[    0.000000] Zone ranges:
[    0.000000]   DMA      [mem 0x0000000000001000-0x0000000000ffffff]
[    0.000000]   DMA32    [mem 0x0000000001000000-0x000000003ffeffff]
[    0.000000]   Normal   empty
[    0.000000]   Device   empty
[    0.000000] Movable zone start for each node
[    0.000000] Early memory node ranges
[    0.000000]   node   0: [mem 0x0000000000001000-0x000000000009efff]
[    0.000000]   node   0: [mem 0x0000000000100000-0x000000003ffeffff]
[    0.000000] Initmem setup node 0 [mem 0x0000000000001000-0x000000003ffeffff]
[    0.000000] ACPI: PM-Timer IO Port: 0x4008
[    0.000000] IOAPIC[0]: apic_id 2, version 32, address 0xfec00000, GSI 0-23
[    0.000000] ACPI: INT_SRC_OVR (bus 0 bus_irq 0 global_irq 2 dfl dfl)
[    0.000000] ACPI: INT_SRC_OVR (bus 0 bus_irq 9 global_irq 9 low level)
[    0.000000] Using ACPI (MADT) for SMP configuration information
[    0.000000] smpboot: Allowing 2 CPUs, 0 hotplug CPUs
[    0.000000] PM: Registered nosave memory: [mem 0x00000000-0x00000fff]
[    0.000000] PM: Registered nosave memory: [mem 0x0009f000-0x0009ffff]
[    0.000000] PM: Registered nosave memory: [mem 0x000a0000-0x000effff]
[    0.000000] PM: Registered nosave memory: [mem 0x000f0000-0x000fffff]
[    0.000000] e820: [mem 0x40000000-0xfebfffff] available for PCI devices
[    0.000000] Booting paravirtualized kernel on KVM
[    0.000000] clocksource: refined-jiffies: mask: 0xffffffff max_cycles: 0xffffffff, max_idle_ns: 7645519600211568 ns
[    0.000000] setup_percpu: NR_CPUS:512 nr_cpumask_bits:512 nr_cpu_ids:2 nr_node_ids:1
[    0.000000] PERCPU: Embedded 33 pages/cpu @ffff88003fc00000 s95192 r8192 d31784 u1048576
[    0.000000] Built 1 zonelists in Node order, mobility grouping on.  Total pages: 257912
[    0.000000] Policy zone: DMA32
[    0.000000] Kernel command line: BOOT_IMAGE=/boot/vmlinuz-4.4.0-210-generic root=LABEL=cloudimg-rootfs ro console=tty1 console=ttyS0
[    0.000000] PID hash table entries: 4096 (order: 3, 32768 bytes)
[    0.000000] Memory: 997792K/1048120K available (8644K kernel code, 1332K rwdata, 4044K rodata, 1492K init, 1164K bss, 50328K reserved, 0K cma-reserved)
[    0.000000] SLUB: HWalign=64, Order=0-3, MinObjects=0, CPUs=2, Nodes=1
[    0.000000] Hierarchical RCU implementation.
[    0.000000] 	Build-time adjustment of leaf fanout to 64.
[    0.000000] 	RCU restricting CPUs from NR_CPUS=512 to nr_cpu_ids=2.
[    0.000000] RCU: Adjusting geometry for rcu_fanout_leaf=64, nr_cpu_ids=2
[    0.000000] NR_IRQS:33024 nr_irqs:440 16
[    0.000000] Console: colour VGA+ 80x25
[    0.000000] console [tty1] enabled
[    0.000000] console [ttyS0] enabled
[    0.000000] tsc: Detected 3892.684 MHz processor
[    0.093101] Calibrating delay loop (skipped) preset value.. 7785.36 BogoMIPS (lpj=15570736)
[    0.094368] pid_max: default: 32768 minimum: 301
[    0.094926] ACPI: Core revision 20150930
[    0.096031] ACPI: 2 ACPI AML tables successfully acquired and loaded
[    0.096839] Security Framework initialized
[    0.097389] Yama: becoming mindful.
[    0.097901] AppArmor: AppArmor initialized
[    0.098474] Dentry cache hash table entries: 131072 (order: 8, 1048576 bytes)
[    0.099317] Inode-cache hash table entries: 65536 (order: 7, 524288 bytes)
[    0.100289] Mount-cache hash table entries: 2048 (order: 2, 16384 bytes)
[    0.100971] Mountpoint-cache hash table entries: 2048 (order: 2, 16384 bytes)
[    0.101777] Initializing cgroup subsys io
[    0.102287] Initializing cgroup subsys memory
[    0.102804] Initializing cgroup subsys devices
[    0.103333] Initializing cgroup subsys freezer
[    0.103850] Initializing cgroup subsys net_cls
[    0.104382] Initializing cgroup subsys perf_event
[    0.104911] Initializing cgroup subsys net_prio
[    0.105430] Initializing cgroup subsys hugetlb
[    0.105945] Initializing cgroup subsys pids
[    0.114533] mce: CPU supports 0 MCE banks
[    0.115073] Last level iTLB entries: 4KB 512, 2MB 512, 4MB 256
[    0.115705] Last level dTLB entries: 4KB 2048, 2MB 2048, 4MB 1024, 1GB 0
[    0.116484] Spectre V1 : Mitigation: usercopy/swapgs barriers and __user pointer sanitization
[    0.117444] Spectre V2 : Spectre mitigation: LFENCE not serializing, switching to generic retpoline
[    0.118465] Spectre V2 : Mitigation: Full generic retpoline
[    0.119050] Spectre V2 : Spectre v2 / SpectreRSB mitigation: Filling RSB on context switch
[    0.121567] Freeing SMP alternatives memory: 36K
[    0.125931] ftrace: allocating 32380 entries in 127 pages
[    0.162038] smpboot: APIC(0) Converting physical 0 to logical package 0
[    0.162819] smpboot: Max logical packages: 1
[    0.163569] x2apic enabled
[    0.164265] Switched APIC routing to physical x2apic.
[    0.165945] ..TIMER: vector=0x30 apic1=0 pin1=2 apic2=-1 pin2=-1
[    0.274776] smpboot: CPU0: AMD Ryzen 5 5600G with Radeon Graphics (family: 0x19, model: 0x50, stepping: 0x0)
[    0.276152] Performance Events: Broken PMU hardware detected, using software events only.
[    0.277275] Failed to access perfctr msr (MSR c0010007 is 0)
[    0.282140] KVM setup paravirtual spinlock
[    0.283333] x86: Booting SMP configuration:
[    0.283885] .... node  #0, CPUs:      #1
[    0.284560] kvm-clock: cpu 1, msr 0:3ffe3041, secondary cpu clock
[    0.285394] mce: CPU supports 0 MCE banks
[    0.287760] x86: Booted up 1 node, 2 CPUs
[    0.288441] smpboot: Total of 2 processors activated (15570.73 BogoMIPS)
[    0.289476] devtmpfs: initialized
[    0.291317] evm: security.selinux
[    0.291999] evm: security.SMACK64
[    0.293360] evm: security.SMACK64EXEC
[    0.294093] evm: security.SMACK64TRANSMUTE
[    0.294764] evm: security.SMACK64MMAP
[    0.295249] evm: security.ima
[    0.295667] evm: security.capability
[    0.296369] clocksource: jiffies: mask: 0xffffffff max_cycles: 0xffffffff, max_idle_ns: 7645041785100000 ns
[    0.298090] futex hash table entries: 512 (order: 3, 32768 bytes)
[    0.299579] pinctrl core: initialized pinctrl subsystem
[    0.300635] RTC time: 18:53:32, date: 11/11/24
[    0.301255] NET: Registered protocol family 16
[    0.307621] cpuidle: using governor ladder
[    0.315757] cpuidle: using governor menu
[    0.317324] PCCT header not found.
[    0.319071] ACPI: bus type PCI registered
[    0.320492] acpiphp: ACPI Hot Plug PCI Controller Driver version: 0.5
[    0.322575] PCI: Using configuration type 1 for base access
[    0.323333] PCI: Using configuration type 1 for extended access
[    0.329764] ACPI: Added _OSI(Module Device)
[    0.330807] ACPI: Added _OSI(Processor Device)
[    0.331546] ACPI: Added _OSI(3.0 _SCP Extensions)
[    0.333157] ACPI: Added _OSI(Processor Aggregator Device)
[    0.335896] ACPI: Executed 1 blocks of module-level executable AML code
[    0.339563] ACPI: Interpreter enabled
[    0.340074] ACPI: (supports S0 S5)
[    0.340574] ACPI: Using IOAPIC for interrupt routing
[    0.341264] PCI: Using host bridge windows from ACPI; if necessary, use "pci=nocrs" and report a bug
[    0.344125] ACPI: PCI Root Bridge [PCI0] (domain 0000 [bus 00-ff])
[    0.344832] acpi PNP0A03:00: _OSC: OS supports [ExtendedConfig ASPM ClockPM Segments MSI]
[    0.346104] acpi PNP0A03:00: _OSC: platform does not support [PCIeCapability]
[    0.347015] acpi PNP0A03:00: _OSC: not requesting control; platform does not support [PCIeCapability]
[    0.348058] acpi PNP0A03:00: _OSC: OS requested [PCIeHotplug PME AER PCIeCapability]
[    0.348999] acpi PNP0A03:00: _OSC: platform willing to grant [PCIeHotplug PME AER]
[    0.349925] acpi PNP0A03:00: _OSC failed (AE_SUPPORT); disabling ASPM
[    0.350783] PCI host bridge to bus 0000:00
[    0.351301] pci_bus 0000:00: root bus resource [io  0x0000-0x0cf7 window]
[    0.351991] pci_bus 0000:00: root bus resource [io  0x0d00-0xffff window]
[    0.352692] pci_bus 0000:00: root bus resource [mem 0x000a0000-0x000bffff window]
[    0.361856] pci_bus 0000:00: root bus resource [mem 0x40000000-0xfdffffff window]
[    0.362855] pci_bus 0000:00: root bus resource [bus 00-ff]
[    0.364314] pci 0000:00:01.1: legacy IDE quirk: reg 0x10: [io  0x01f0-0x01f7]
[    0.365159] pci 0000:00:01.1: legacy IDE quirk: reg 0x14: [io  0x03f6]
[    0.365891] pci 0000:00:01.1: legacy IDE quirk: reg 0x18: [io  0x0170-0x0177]
[    0.366686] pci 0000:00:01.1: legacy IDE quirk: reg 0x1c: [io  0x0376]
[    0.372134] pci 0000:00:07.0: quirk: [io  0x4000-0x403f] claimed by PIIX4 ACPI
[    0.373139] pci 0000:00:07.0: quirk: [io  0x4100-0x410f] claimed by PIIX4 SMB
[    0.376932] ACPI: PCI Interrupt Link [LNKA] (IRQs 5 9 10 *11)
[    0.377951] ACPI: PCI Interrupt Link [LNKB] (IRQs 5 9 *10 11)
[    0.378891] ACPI: PCI Interrupt Link [LNKC] (IRQs 5 *9 10 11)
[    0.379833] ACPI: PCI Interrupt Link [LNKD] (IRQs 5 9 10 *11)
[    0.380798] ACPI: Enabled 2 GPEs in block 00 to 07
[    0.381509] vgaarb: setting as boot device: PCI:0000:00:02.0
[    0.382135] vgaarb: device added: PCI:0000:00:02.0,decodes=io+mem,owns=io+mem,locks=none
[    0.383199] vgaarb: loaded
[    0.383774] vgaarb: bridge control possible 0000:00:02.0
[    0.384800] SCSI subsystem initialized
[    0.385501] ACPI: bus type USB registered
[    0.386195] usbcore: registered new interface driver usbfs
[    0.387061] usbcore: registered new interface driver hub
[    0.387907] usbcore: registered new device driver usb
[    0.389013] PCI: Using ACPI for IRQ routing
[    0.390170] NetLabel: Initializing
[    0.390793] NetLabel:  domain hash size = 128
[    0.391464] NetLabel:  protocols = UNLABELED CIPSOv4
[    0.392214] NetLabel:  unlabeled traffic allowed by default
[    0.393105] amd_nb: Cannot enumerate AMD northbridges
[    0.393953] clocksource: Switched to clocksource kvm-clock
[    0.398031] AppArmor: AppArmor Filesystem Enabled
[    0.398836] pnp: PnP ACPI init
[    0.400073] pnp: PnP ACPI: found 3 devices
[    0.408229] clocksource: acpi_pm: mask: 0xffffff max_cycles: 0xffffff, max_idle_ns: 2085701024 ns
[    0.409632] NET: Registered protocol family 2
[    0.410488] TCP established hash table entries: 8192 (order: 4, 65536 bytes)
[    0.411468] TCP bind hash table entries: 8192 (order: 5, 131072 bytes)
[    0.412381] TCP: Hash tables configured (established 8192 bind 8192)
[    0.413389] UDP hash table entries: 512 (order: 2, 16384 bytes)
[    0.414260] UDP-Lite hash table entries: 512 (order: 2, 16384 bytes)
[    0.415225] NET: Registered protocol family 1
[    0.415921] pci 0000:00:00.0: Limiting direct PCI/PCI transfers
[    0.416850] pci 0000:00:01.0: Activating ISA DMA hang workarounds
[    0.417741] Unpacking initramfs...
[    0.552735] Freeing initrd memory: 14888K
[    0.553677] clocksource: tsc: mask: 0xffffffffffffffff max_cycles: 0x7038b5c86cb, max_idle_ns: 881590801795 ns
[    0.554965] platform rtc_cmos: registered platform RTC device (no PNP device found)
[    0.555913] Scanning for low memory corruption every 60 seconds
[    0.556810] audit: initializing netlink subsys (disabled)
[    0.557667] audit: type=2000 audit(1731351216.940:1): initialized
[    0.559182] Initialise system trusted keyring
[    0.560532] HugeTLB registered 2 MB page size, pre-allocated 0 pages
[    0.562353] zbud: loaded
[    0.562953] VFS: Disk quotas dquot_6.6.0
[    0.563499] VFS: Dquot-cache hash table entries: 512 (order 0, 4096 bytes)
[    0.564396] squashfs: version 4.0 (2009/01/31) Phillip Lougher
[    0.565382] fuse init (API version 7.23)
[    0.566022] Key type big_key registered
[    0.566539] Allocating IMA MOK and blacklist keyrings.
[    0.567599] Key type asymmetric registered
[    0.568319] Asymmetric key parser 'x509' registered
[    0.569184] Block layer SCSI generic (bsg) driver version 0.4 loaded (major 249)
[    0.571172] io scheduler noop registered
[    0.571874] io scheduler deadline registered (default)
[    0.572526] io scheduler cfq registered
[    0.573056] pci_hotplug: PCI Hot Plug PCI Core version: 0.5
[    0.573654] pciehp: PCI Express Hot Plug Controller Driver version: 0.4
[    0.574426] ACPI: AC Adapter [AC] (on-line)
[    0.574971] input: Power Button as /devices/LNXSYSTM:00/LNXPWRBN:00/input/input0
[    0.575867] ACPI: Power Button [PWRF]
[    0.576375] input: Sleep Button as /devices/LNXSYSTM:00/LNXSLPBN:00/input/input1
[    0.577272] ACPI: Sleep Button [SLPF]
[    0.577829] GHES: HEST is not enabled!
[    0.578399] Serial: 8250/16550 driver, 32 ports, IRQ sharing enabled
[    0.599290] 00:02: ttyS0 at I/O 0x3f8 (irq = 4, base_baud = 115200) is a 16550A
[    0.601302] Linux agpgart interface v0.103
[    0.602863] loop: module loaded
[    0.603603] scsi host0: ata_piix
[    0.604273] scsi host1: ata_piix
[    0.604730] ata1: PATA max UDMA/33 cmd 0x1f0 ctl 0x3f6 bmdma 0xd000 irq 14
[    0.605444] ata2: PATA max UDMA/33 cmd 0x170 ctl 0x376 bmdma 0xd008 irq 15
[    0.606322] libphy: Fixed MDIO Bus: probed
[    0.606823] tun: Universal TUN/TAP device driver, 1.6
[    0.607397] tun: (C) 1999-2004 Max Krasnyansky <maxk@qualcomm.com>
[    0.608091] PPP generic driver version 2.4.2
[    0.608651] ehci_hcd: USB 2.0 'Enhanced' Host Controller (EHCI) Driver
[    0.609337] ehci-pci: EHCI PCI platform driver
[    0.609870] ehci-platform: EHCI generic platform driver
[    0.610476] ohci_hcd: USB 1.1 'Open' Host Controller (OHCI) Driver
[    0.611146] ohci-pci: OHCI PCI platform driver
[    0.611667] ohci-platform: OHCI generic platform driver
[    0.612230] uhci_hcd: USB Universal Host Controller Interface driver
[    0.612941] i8042: PNP: PS/2 Controller [PNP0303:PS2K,PNP0f03:PS2M] at 0x60,0x64 irq 1,12
[    0.614291] serio: i8042 KBD port at 0x60,0x64 irq 1
[    0.614836] serio: i8042 AUX port at 0x60,0x64 irq 12
[    0.615498] mousedev: PS/2 mouse device common for all mice
[    0.616434] input: AT Translated Set 2 keyboard as /devices/platform/i8042/serio0/input/input2
[    0.617445] rtc_cmos rtc_cmos: rtc core: registered rtc_cmos as rtc0
[    0.618258] rtc_cmos rtc_cmos: alarms up to one day, 114 bytes nvram
[    0.618912] i2c /dev entries driver
[    0.619429] device-mapper: uevent: version 1.0.3
[    0.620028] device-mapper: ioctl: 4.34.0-ioctl (2015-10-28) initialised: dm-devel@redhat.com
[    0.621014] ledtrig-cpu: registered to indicate activity on CPUs
[    0.621888] NET: Registered protocol family 10
[    0.622745] NET: Registered protocol family 17
[    0.623463] Key type dns_resolver registered
[    0.624520] registered taskstats version 1
[    0.625439] Loading compiled-in X.509 certificates
[    0.626879] Loaded X.509 cert 'Build time autogenerated kernel key: cf00e047681d67edb2720680708b7d9498083038'
[    0.629118] zswap: loaded using pool lzo/zbud
[    0.632981] Key type trusted registered
[    0.636114] Key type encrypted registered
[    0.636825] AppArmor: AppArmor sha1 policy hashing enabled
[    0.637665] ima: No TPM chip found, activating TPM-bypass!
[    0.638467] ima: Allocated hash algorithm: sha1
[    0.638994] evm: HMAC attrs: 0x1
[    0.639574]   Magic number: 0:108:898
[    0.640086] rtc_cmos rtc_cmos: setting system clock to 2024-11-11 18:53:32 UTC (1731351212)
[    0.641140] BIOS EDD facility v0.16 2004-Jun-25, 0 devices found
[    0.641767] EDD information not available.
[    0.786466] Freeing unused kernel memory: 1492K
[    0.787240] Write protecting the kernel read-only data: 14336k
[    0.788357] Freeing unused kernel memory: 1584K
[    0.789115] Freeing unused kernel memory: 52K
Loading, please wait...
starting version 229
[    0.796716] random: systemd-udevd: uninitialized urandom read (16 bytes read, 3 bits of entropy available)
[    0.797010] random: udevadm: uninitialized urandom read (16 bytes read, 3 bits of entropy available)
[    0.797025] random: udevadm: uninitialized urandom read (16 bytes read, 3 bits of entropy available)
[    0.801066] random: systemd-udevd: uninitialized urandom read (16 bytes read, 3 bits of entropy available)
[    0.801375] random: udevadm: uninitialized urandom read (16 bytes read, 3 bits of entropy available)
[    0.801397] random: udevadm: uninitialized urandom read (16 bytes read, 3 bits of entropy available)
[    0.801468] random: udevadm: uninitialized urandom read (16 bytes read, 3 bits of entropy available)
[    0.801498] random: udevadm: uninitialized urandom read (16 bytes read, 3 bits of entropy available)
[    0.801521] random: udevadm: uninitialized urandom read (16 bytes read, 3 bits of entropy available)
[    0.801548] random: udevadm: uninitialized urandom read (16 bytes read, 3 bits of entropy available)
[    0.820725] e1000: Intel(R) PRO/1000 Network Driver - version 7.3.21-k8-NAPI
[    0.821450] e1000: Copyright (c) 1999-2006 Intel Corporation.
[    0.822199] Fusion MPT base driver 3.04.20
[    0.822989] Copyright (c) 1999-2008 LSI Corporation
[    0.825370] Fusion MPT SPI Host driver 3.04.20
[    0.834840] AVX2 version of gcm_enc/dec engaged.
[    0.835377] AES CTR mode by8 optimization enabled
[    1.031708] input: ImExPS/2 Generic Explorer Mouse as /devices/platform/i8042/serio1/input/input4
[    1.156947] e1000 0000:00:03.0 eth0: (PCI:33MHz:32-bit) 02:be:82:6b:cc:1d
[    1.157688] e1000 0000:00:03.0 eth0: Intel(R) PRO/1000 Network Connection
[    1.158811] mptbase: ioc0: Initiating bringup
[    1.594577] ioc0: LSI53C1030 A0: Capabilities={Initiator}
[    2.225419] scsi host2: ioc0: LSI53C1030 A0, FwRev=00000000h, Ports=1, MaxQ=256, IRQ=20
[    3.136530] scsi 2:0:0:0: Direct-Access     VBOX     HARDDISK         1.0  PQ: 0 ANSI: 5
[    3.140926] scsi target2:0:0: Beginning Domain Validation
[    3.142755] scsi target2:0:0: Domain Validation skipping write tests
[    3.143847] scsi target2:0:0: Ending Domain Validation
[    3.144665] scsi target2:0:0: asynchronous
[    3.154062] scsi 2:0:1:0: Direct-Access     VBOX     HARDDISK         1.0  PQ: 0 ANSI: 5
[    3.155245] scsi target2:0:1: Beginning Domain Validation
[    3.156444] scsi target2:0:1: Domain Validation skipping write tests
[    3.157300] scsi target2:0:1: Ending Domain Validation
[    3.158071] scsi target2:0:1: asynchronous
[    3.162132] sd 2:0:0:0: [sda] 83886080 512-byte logical blocks: (42.9 GB/40.0 GiB)
[    3.163689] sd 2:0:0:0: [sda] Write Protect is off
[    3.164891] sd 2:0:0:0: [sda] Incomplete mode parameter data
[    3.166127] sd 2:0:0:0: [sda] Assuming drive cache: write through
[    3.167460] sd 2:0:0:0: Attached scsi generic sg0 type 0
[    3.168641] sd 2:0:1:0: Attached scsi generic sg1 type 0
[    3.170172] sd 2:0:1:0: [sdb] 20480 512-byte logical blocks: (10.5 MB/10.0 MiB)
[    3.171761] sd 2:0:1:0: [sdb] Write Protect is off
[    3.172444] sd 2:0:1:0: [sdb] Incomplete mode parameter data
[    3.173122] sd 2:0:1:0: [sdb] Assuming drive cache: write through
[    3.179597]  sda: sda1
[    3.180479] sd 2:0:0:0: [sda] Attached SCSI disk
[    3.181283] sd 2:0:1:0: [sdb] Attached SCSI disk
[    3.466401] e1000 0000:00:08.0 eth1: (PCI:33MHz:32-bit) 08:00:27:c6:7d:f2
[    3.467534] e1000 0000:00:08.0 eth1: Intel(R) PRO/1000 Network Connection
[    3.468989] e1000 0000:00:08.0 enp0s8: renamed from eth1
[    3.486318] e1000 0000:00:03.0 enp0s3: renamed from eth0
Begin: Loading essential drivers ... [    4.796669] md: linear personality registered for level -1
[    4.799584] md: multipath personality registered for level -4
[    4.802074] md: raid0 personality registered for level 0
[    4.805054] md: raid1 personality registered for level 1
[    4.874070] raid6: sse2x1   gen()  7165 MB/s
[    4.945871] raid6: sse2x1   xor() 11458 MB/s
[    5.014057] raid6: sse2x2   gen() 13710 MB/s
[    5.082034] raid6: sse2x2   xor() 17022 MB/s
[    5.149967] raid6: sse2x4   gen() 17668 MB/s
[    5.218043] raid6: sse2x4   xor() 11434 MB/s
[    5.286031] raid6: avx2x1   gen() 15933 MB/s
[    5.354046] raid6: avx2x2   gen() 29391 MB/s
[    5.422022] raid6: avx2x4   gen() 33733 MB/s
[    5.422581] raid6: using algorithm avx2x4 gen() 33733 MB/s
[    5.423193] raid6: using avx2x2 recovery algorithm
[    5.424479] xor: automatically using best checksumming function:
[    5.462005]    avx       : 18245.000 MB/sec
[    5.463484] async_tx: api initialized (async)
[    5.468355] md: raid6 personality registered for level 6
[    5.469214] md: raid5 personality registered for level 5
[    5.470094] md: raid4 personality registered for level 4
[    5.473744] md: raid10 personality registered for level 10
done.
Begin: Running /scripts/init-premount ... done.
Begin: Mounting root file system ... Begin: Running /scripts/local-top ... done.
Begin: Running /scripts/local-premount ... [    5.494814] Btrfs loaded
Scanning for Btrfs filesystems
done.
Warning: fsck not present, so skipping root file system
[    5.528358] EXT4-fs (sda1): mounted filesystem with ordered data mode. Opts: (null)
done.
Begin: Running /scripts/local-bottom ... done.
Begin: Running /scripts/init-bottom ... done.
[    5.598374] systemd[1]: systemd 229 running in system mode. (+PAM +AUDIT +SELINUX +IMA +APPARMOR +SMACK +SYSVINIT +UTMP +LIBCRYPTSETUP +GCRYPT +GNUTLS +ACL +XZ -LZ4 +SECCOMP +BLKID +ELFUTILS +KMOD -IDN)
[    5.600343] systemd[1]: Detected virtualization oracle.
[    5.600956] systemd[1]: Detected architecture x86-64.

Welcome to [1mUbuntu 16.04.7 LTS[0m!

[    5.602741] systemd[1]: Set hostname to <ubuntu>.
[    5.604231] systemd[1]: Initializing machine ID from random generator.
[    5.604936] systemd[1]: Installed transient /etc/machine-id file.
[    5.701997] systemd[1]: Created slice System Slice.
[[0;32m  OK  [0m] Created slice System Slice.
[    5.702999] systemd[1]: Listening on udev Control Socket.
[[0;32m  OK  [0m] Listening on udev Control Socket.
[    5.710364] systemd[1]: Created slice User and Session Slice.
[[0;32m  OK  [0m] Created slice User and Session Slice.
[    5.712343] systemd[1]: Reached target Slices.
[[0;32m  OK  [0m] Reached target Slices.
[    5.714253] systemd[1]: Listening on LVM2 poll daemon socket.
[[0;32m  OK  [0m] Listening on LVM2 poll daemon socket.
[    5.716984] systemd[1]: Started Trigger resolvconf update for networkd DNS.
[[0;32m  OK  [0m] Started Trigger resolvconf update for networkd DNS.
[    5.720164] systemd[1]: Reached target Encrypted Volumes.
[[0;32m  OK  [0m] Reached target Encrypted Volumes.
[    5.721763] systemd[1]: Listening on Device-mapper event daemon FIFOs.
[[0;32m  OK  [0m] Listening on Device-mapper event daemon FIFOs.
[    5.723399] systemd[1]: Set up automount Arbitrary Executable File Formats File System Automount Point.
[[0;32m  OK  [0m] Set up automount Arbitrary Executab...ats File System Automount Point.
[    5.725470] systemd[1]: Listening on /dev/initctl Compatibility Named Pipe.
[[0;32m  OK  [0m] Listening on /dev/initctl Compatibility Named Pipe.
[    5.727007] systemd[1]: Listening on udev Kernel Socket.
[[0;32m  OK  [0m] Listening on udev Kernel Socket.
[    5.727991] systemd[1]: Started Forward Password Requests to Wall Directory Watch.
[[0;32m  OK  [0m] Started Forward Password Requests to Wall Directory Watch.
[    5.729374] systemd[1]: Listening on Journal Audit Socket.
[[0;32m  OK  [0m] Listening on Journal Audit Socket.
[    5.730384] systemd[1]: Reached target User and Group Name Lookups.
[[0;32m  OK  [0m] Reached target User and Group Name Lookups.
[    5.731374] systemd[1]: Listening on fsck to fsckd communication Socket.
[[0;32m  OK  [0m] Listening on fsck to fsckd communication Socket.
[    5.732641] systemd[1]: Listening on Journal Socket (/dev/log).
[[0;32m  OK  [0m] Listening on Journal Socket (/dev/log).
[    5.733573] systemd[1]: Listening on Syslog Socket.
[[0;32m  OK  [0m] Listening on Syslog Socket.
[    5.734541] systemd[1]: Reached target System Time Synchronized.
[[0;32m  OK  [0m] Reached target System Time Synchronized.
[    5.735580] systemd[1]: Listening on Journal Socket.
[[0;32m  OK  [0m] Listening on Journal Socket.
[    5.746112] systemd[1]: Starting Load Kernel Modules...
         Starting Load Kernel Modules...
[    5.749671] systemd[1]: Starting Journal Service...
         Starting Journal Service...
[    5.755439] systemd[1]: Starting Set console keymap...
         Starting Set console keymap...
[    5.759914] systemd[1]: Mounting Debug File System...
         Mounting Debug File System...
[    5.761677] systemd[1]: Starting File System Check on Root Device...
[    5.763376] Loading iSCSI transport class v2.0-870.
         Starting File System Check on Root Device...
[    5.766355] systemd[1]: Starting Create list of required static device nodes for the current kernel...
         Starting Create list of required st... nodes for the current kernel...[    5.770077] iscsi: registered transport (tcp)

[    5.770889] systemd[1]: Mounting Huge Pages File System...
         Mounting Huge Pages File System...
[    5.772786] systemd[1]: Starting Uncomplicated firewall...
         Starting Uncomplicated firewall...
[    5.774172] systemd[1]: Mounting POSIX Message Queue File System...
         Mounting POSIX Message Queue File System...
[    5.776203] systemd[1]: Created slice system-serial\x2dgetty.slice.
[[0;32m  OK  [0m] Created slice system-serial\x2dgetty.slice.
[    5.778197] systemd[1]: Starting Nameserver information manager...
         Starting Nameserver information manager...
[    5.779661] systemd[1]: Listening on LVM2 metadata daemon socket.
[[0;32m  OK  [0m] Listening on LVM2 metadata daemon socket.
[    5.781561] systemd[1]: Starting Monitoring of LVM2 mirrors, snapshots etc. using dmeventd or progress polling...
         Starting Monitoring of LVM2 mirrors... dmeventd or progress polling...
[    5.784018] systemd[1]: Reached target Swap.
[[0;32m  OK  [0m] Reached target Swap.
[    5.786072] systemd[1]: Mounted Huge Pages File System.
[[0;32m  OK  [0m] Mounted Huge Pages File System.
[    5.794108] systemd[1]: Mounted POSIX Message Queue File System.
[[0;32m  OK  [0m] Mounted POSIX Message Queue File System.
[    5.798137] systemd[1]: Mounted Debug File System.
[[0;32m  OK  [0m] Mounted Debug File System.
[    5.799371] systemd[1]: Started Journal Service.
[[0;32m  OK  [0m] Started Journal Service.
[[0;32m  OK  [0m] Started File System Check on Root Device.
[[0;32m  OK  [0m] Started Create list of required sta...ce nodes for the current kernel.
[[0;32m  OK  [0m] Started Uncomplicated firewall.
[    5.810538] iscsi: registered transport (iser)
[[0;32m  OK  [0m] Started Load Kernel Modules.
[[0;32m  OK  [0m] Started Nameserver information manager.
[[0;32m  OK  [0m] Started LVM2 metadata daemon.
[[0;32m  OK  [0m] Started File System Check Daemon to report status.
         Starting Apply Kernel Variables...
         Mounting FUSE Control File System...
         Starting Create Static Device Nodes in /dev...
         Starting Remount Root and Kernel File Systems...
[[0;32m  OK  [0m] Mounted FUSE Control File System.
[[0;32m  OK  [0m] Started Set console keymap.
[    5.830873] EXT4-fs (sda1): re-mounted. Opts: (null)
[[0;32m  OK  [0m] Started Apply Kernel Variables.
[[0;32m  OK  [0m] Started Remount Root and Kernel File Systems.
         Starting udev Coldplug all Devices...
         Starting Flush Journal to Persistent Storage...
         Starting Load/Save Random Seed...
[[0;32m  OK  [0m] Started Load/Save Random Seed.
[[0;32m  OK  [0m] Started Flush Journal to Persistent Storage.
[[0;32m  OK  [0m] Started Create Static Device Nodes in /dev.
         Starting udev Kernel Device Manager...
[[0;32m  OK  [0m] Started udev Coldplug all Devices.
[[0;32m  OK  [0m] Started udev Kernel Device Manager.
[[0;32m  OK  [0m] Started Dispatch Password Requests to Console Directory Watch.
[[0;32m  OK  [0m] Found device /dev/ttyS0.
[[0;32m  OK  [0m] Listening on Load/Save RF Kill Switch Status /dev/rfkill Watch.
[[0;32m  OK  [0m] Started Monitoring of LVM2 mirrors,...ng dmeventd or progress polling.
[[0;32m  OK  [0m] Reached target Local File Systems (Pre).
[[0;32m  OK  [0m] Reached target Local File Systems.
         Starting Create Volatile Files and Directories...
         Starting Set console font and keymap...
         Starting Initial cloud-init job (pre-networking)...
         Starting Tell Plymouth To Write Out Runtime Data...
         Starting Commit a transient machine-id on disk...
         Starting LSB: AppArmor initialization...
[[0;32m  OK  [0m] Started Create Volatile Files and Directories.
         Starting Update UTMP about System Boot/Shutdown...
[[0;32m  OK  [0m] Started Update UTMP about System Boot/Shutdown.
[[0;32m  OK  [0m] Started Tell Plymouth To Write Out Runtime Data.
[[0;32m  OK  [0m] Started Commit a transient machine-id on disk.
[[0;32m  OK  [0m] Started Set console font and keymap.
[[0;32m  OK  [0m] Created slice system-getty.slice.
[[0;32m  OK  [0m] Started LSB: AppArmor initialization.
         Starting Load AppArmor profiles managed internally by snapd...
[[0;32m  OK  [0m] Started Load AppArmor profiles managed internally by snapd.
[    6.852883] cloud-init[627]: Cloud-init v. 21.1-19-gbad84ad4-0ubuntu1~16.04.2 running 'init-local' at Mon, 11 Nov 2024 18:53:38 +0000. Up 6.63 seconds.
[[0;32m  OK  [0m] Started Initial cloud-init job (pre-networking).
[[0;32m  OK  [0m] Reached target Network (Pre).
         Starting Raise network interfaces...
[[0;32m  OK  [0m] Started Raise network interfaces.
         Starting Initial cloud-init job (metadata service crawler)...
[[0;32m  OK  [0m] Reached target Network.
[    7.603571] cloud-init[962]: Cloud-init v. 21.1-19-gbad84ad4-0ubuntu1~16.04.2 running 'init' at Mon, 11 Nov 2024 18:53:39 +0000. Up 7.19 seconds.
[    7.612406] cloud-init[962]: ci-info: ++++++++++++++++++++++++++++++++++++++Net device info+++++++++++++++++++++++++++++++++++++++
[    7.620280] cloud-init[962]: ci-info: +--------+-------+----------------------------+---------------+--------+-------------------+
[    7.628248] cloud-init[962]: ci-info: | Device |   Up  |          Address           |      Mask     | Scope  |     Hw-Address    |
[    7.636270] [cloud-init[0;32m  OK  [0m[962]: ] ci-info: +--------+-------+----------------------------+---------------+--------+-------------------+Started Initial cloud-init job (metadata service crawler).

[    7.644271] cloud-init[[0;32m  OK  [0m] Reached target Cloud-config availability.
[[0;32m  OK  [0m] Reached target System Initialization.
[[0;32m  OK  [0m] Started Daily apt download activities.
[[0;32m  OK  [0m] Started Message of the Day.
[[0;32m  OK  [0m] Started Daily Cleanup of Temporary Directories.
[[0;32m  OK  [0m] Listening on D-Bus System Message Bus Socket.
[[0;32m  OK  [0m] Listening on UUID daemon activation socket.
[[0;32m  OK  [0m] Listening on ACPID Listen Socket.
[962]: ci-info: | enp0s3 |  True |         10.0.2.15          | 255.255.255.0 | global | 02:be:82:6b:cc:1d |         
Starting LXD - unix socket.
         [    7.648799] cloud-init[962]: ci-info: | enp0s3 |  True | fe80::be:82ff:fe6b:cc1d/64 |       .       |  link  | 02:be:82:6b:cc:1d |
[    7.656699] cloud-init[962]: ci-info: | enp0s8 | False |             .              |       .       |   .    | 08:00:27:c6:7d:f2 |
[    7.657058] cloud-init[962]: ci-info: |   lo   |  True |         127.0.0.1          |   255.0.0.0   |  host  |         .         |
[    7.657247] cloud-init[962]: ci-info: |   lo   |  True |          ::1/128           |       .       |  host  |         .         |
[    7.657432] cloud-init[962]: ci-info: +--------+-------+----------------------------+---------------+--------+-------------------+
Starting Socket activation for snappy daemon.
[    7.657670] cloud-init[962]: ci-info: +++++++++++++++++++++++++++Route IPv4 info++++++++++++++++++++++++++++
[    7.661436] cloud-init[962]: ci-info: +-------+-------------+----------+---------------+-----------+-------+
[    7.661872] cloud-init[962]: ci-info: | Route | Destination | Gateway  |    Genmask    | Interface | Flags |
[    7.662126] cloud-init[962]: ci-info: +-------+-------------+----------+---------------+-----------+-------+
[    7.662395] cloud-init[962]: ci-info: |   0   |   0.0.0.0   | 10.0.2.2 |    0.0.0.0    |   enp0s3  |   UG  |
[    7.662591] cloud-init[962]: ci-info: |   1   |   10.0.2.0  | 0.0.0.0  | 255.255.255.0 |   enp0s3  |   U   |
[    7.662847] cloud-init[962]: ci-info: +-------+-------------+----------+---------------+-----------+-------+
[    7.663027] cloud-init[962]: ci-info: +++++++++++++++++++Route IPv6 info+++++++++++++++++++
[    7.663270] cloud-init[962]: ci-info: +-------+-------------+---------+-----------+-------+
[    7.663532] cloud-init[962]: ci-info: | Route | Destination | Gateway | Interface | Flags |
[    7.663719] cloud-init[962]: ci-info: +-------+-------------+---------+-----------+-------+
[    7.663895] cloud-init[962]: ci-info: |   0   |  fe80::/64  |    ::   |   enp0s3  |   U   |
[    7.664204] cloud-init[962]: ci-info: |   3   |   ff00::/8  |    ::   |   enp0s3  |   U   |
[    7.664381] cloud-init[962]: ci-info: +-------+-------------+---------+-----------+-------+
[    7.664576] cloud-init[962]: Generating public/private rsa key pair.
[    7.664760] cloud-init[962]: Your identification has been saved in /etc/ssh/ssh_host_rsa_key.
[    7.665038] cloud-init[962]: Your public key has been saved in /etc/ssh/ssh_host_rsa_key.pub.
[    7.665180] cloud-init[962]: The key fingerprint is:
[    7.665323] cloud-init[962]: SHA256:rOgGbO/G9mkINAD1/ST7iHB8EoF6RkpO6DoYLNU6IXk root@ubuntu-xenial
[    7.665411] cloud-init[962]: The key's randomart image is:
[    7.665546] cloud-init[962]: +---[RSA 2048]----+
[    7.665686] cloud-init[962]: |+o.o.            |
[    7.665770] cloud-init[962]: |=oE..o           |
[    7.665868] cloud-init[962]: |*O oo o .        |
[    7.666003] cloud-init[962]: |=+B. . *         |
[    7.666042] cloud-init[962]: |+*.o+ o S        |
[    7.666135] cloud-init[962]: |+ =o = +         |
[    7.666220] cloud-init[962]: | o =o.o .        |
[    7.666265] cloud-init[962]: |   .B ..         |
[    7.666318] cloud-init[962]: |   =ooo          |
[    7.666402] cloud-init[962]: +----[SHA256]-----+
[[0;32m  OK  [0m] Started Ubuntu Advantage update messaging.
[[    7.666445] cloud-init[962]: Generating public/private dsa key pair.
[    7.670627] cloud-init[962]: Your identification has been saved in /etc/ssh/ssh_host_dsa_key.
[    7.670738] cloud-init[962]: Your public key has been saved in /etc/ssh/ssh_host_dsa_key.pub.
[    7.670801] cloud-init[962]: The key fingerprint is:
[    7.670874] cloud-init[962]: SHA256:u0aElFg5EcGkt9X9RRRy7g7mSpVFpHPmITHABRkbXG0 root@ubuntu-xenial
[    7.670972] cloud-init[962]: The key's randomart image is:
[    7.671011] cloud-init[962]: +---[DSA 1024]----+
[    7.671135] cloud-init[962]: |     =**  o=B*o*+|
[    7.671241] cloud-init[962]: |    ..*  . =o OE |
[    7.671307] cloud-init[962]: |    ...o. ...+.*.|
[    7.671370] cloud-init[962]: |     ..o.    .X..|
[    7.671442] cloud-init[962]: |      ..S    =.o |
[    7.671507] cloud-init[962]: |        ..  + o  |
[    7.671607] cloud-init[962]: |       ..  . . . |
[    7.671640] cloud-init[962]: |        ... .    |
[    7.671681] cloud-init[962]: |       ..  .     |
[    7.671763] cloud-init[962]: +----[SHA256]-----+
[    7.671813] cloud-init[962]: Generating public/private ecdsa key pair.
[    7.671912] cloud-init[962]: Your identification has been saved in /etc/ssh/ssh_host_ecdsa_key.
[    7.672002] cloud-init[962]: Your public key has been saved in /etc/ssh/ssh_host_ecdsa_key.pub.
[    7.672054] cloud-init[962]: The key fingerprint is:
[    7.672246] cloud-init[962]: SHA256:zCIdvG2bexUt7OFJcLeeuj+sh5xEMyz/+iCxAeqpeFI root@ubuntu-xenial
[    7.672306] cloud-init[962]: The key's randomart image is:
[    7.672342] cloud-init[962]: +---[ECDSA 256]---+
[    7.672372] cloud-init[962]: |                 |
[    7.672409] cloud-init[962]: |     .    . . .  |
[    7.672476] cloud-init[962]: |      o .  = o . |
[    7.672543] cloud-init[962]: |     . B .. @ o  |
[    7.672671] cloud-init[962]: |    . = S oB O . |
[    7.672709] cloud-init[962]: |    Eo + o +B o  |
[    7.672780] cloud-init[962]: |   .  o o o+.*   |
[    7.672844] cloud-init[962]: |  ....   ...=.=  |
[    7.672909] cloud-init[962]: |  .o.   ..  +Bo. |
[    7.672994] cloud-init[962]: +----[SHA256]-----+
[    7.673033] cloud-init[962]: Generating public/private ed25519 key pair.
[    7.673132] cloud-init[962]: Your identification has been saved in /etc/ssh/ssh_host_ed25519_key.
[    7.673168] cloud-init[962]: Your public key has been saved in /etc/ssh/ssh_host_ed25519_key.pub.
[    7.673234] cloud-init[962]: The key fingerprint is:
[    7.673299] cloud-init[962]: SHA256:FsyDcwstNkIeo6J6gQCvB0Fa7yAeolywbWug1nHOIIE root@ubuntu-xenial
[    7.673338] cloud-init[962]: The key's randomart image is:
[    7.673440] cloud-init[962]: +--[ED25519 256]--+
[    7.673506] cloud-init[962]: |=+. +            |
[    7.673573] cloud-init[962]: |E+== o =         |
[    7.673801] cloud-init[962]: |B=+*+.B B        |
[    7.673867] cloud-init[962]: |O*BoBo * +       |
[    7.673959] cloud-init[962]: |*+o+.o  S        |
[    7.674038] cloud-init[962]: |o...   .         |
[    7.674157] cloud-init[962]: |. .              |
[    7.674228] cloud-init[962]: | .               |
[    7.674296] cloud-init[962]: |                 |
[    7.674366] cloud-init[962]: +----[SHA256]-----+
[0;32m  OK  [0m] Started Daily apt upgrade and clean activities.
[[0;32m  OK  [0m] Reached target Timers.
[[0;32m  OK  [0m] Started ACPI Events Check.
[[0;32m  OK  [0m] Reached target Paths.
[[0;32m  OK  [0m] Reached target Network is Online.
         Starting iSCSI initiator daemon (iscsid)...
[[0;32m  OK  [0m] Listening on LXD - unix socket.
[[0;32m  OK  [0m] Listening on Socket activation for snappy daemon.
[[0;32m  OK  [0m] Reached target Sockets.
[[0;32m  OK  [0m] Reached target Basic System.
[[0;32m  OK  [0m] Started ACPI event daemon.
         Starting /etc/rc.local Compatibility...
         Starting Login Service...
         Starting LSB: Record successful boot for GRUB...
         Starting Pollinate to seed the pseudo random number generator...
         Starting LXD - container startup/shutdown...
         Starting Virtualbox guest utils...
[[0;32m  OK  [0m] Started Regular background program processing daemon.
[[0;32m  OK  [0m] Started FUSE filesystem for LXC.
[[0;32m  OK  [0m] Started Deferred execution scheduler.
         Starting System Logging Service...
[[0;32m  OK  [0m] Started D-Bus System Message Bus.
         Starting LSB: MD monitoring daemon...
         Starting Accounts Service...
         Starting Snap Daemon...
[[0;32m  OK  [0m] Started System Logging Service.
[[0;32m  OK  [0m] Started /etc/rc.local Compatibility.
[[0;32m  OK  [0m] Started Login Service.
[[0;32m  OK  [0m] Started Unattended Upgrades Shutdown.
[[0;32m  OK  [0m] Started LSB: Record successful boot for GRUB.
[[0;32m  OK  [0m] Started iSCSI initiator daemon (iscsid).
         Starting Login to default iSCSI targets...
[[0;32m  OK  [0m] Started LSB: MD monitoring daemon.
[[0;32m  OK  [0m] Started Login to default iSCSI targets.
[[0;32m  OK  [0m] Reached target Remote File Systems (Pre).
[[0;32m  OK  [0m] Reached target Remote File Systems.
         Starting Permit User Sessions...
         Starting LSB: daemon to balance interrupts for SMP systems...
         Starting LSB: Set the CPU Frequency Scaling governor to "ondemand"...
         Starting LSB: automatic crash report generation...
         Starting Authenticate and Authorize Users to Run Privileged Tasks...
[[0;32m  OK  [0m] Started Permit User Sessions.
         Starting Terminate Plymouth Boot Screen...
         Starting Hold until boot process finishes up...
[[0;32m  OK  [0m] Started Hold until boot process finishes up.
[[0;32m  OK  [0m] Started Serial Getty on ttyS0.
         Starting Set console scheme...
[[0;32m  OK  [0m] Started Getty on tty1.
[[0;32m  OK  [0m] Reached target Login Prompts.
[[0;32m  OK  [0m] Started Set console scheme.
[[0;32m  OK  [0m] Started Terminate Plymouth Boot Screen.
[[0;32m  OK  [0m] Started Authenticate and Authorize Users to Run Privileged Tasks.
[[0;32m  OK  [0m] Started Accounts Service.
[[0;32m  OK  [0m] Started LXD - container startup/shutdown.
[[0;32m  OK  [0m] Started Virtualbox guest utils.
[[0;32m  OK  [0m] Started LSB: daemon to balance interrupts for SMP systems.
[[0;32m  OK  [0m] Started LSB: Set the CPU Frequency Scaling governor to "ondemand".
[[0;32m  OK  [0m] Started LSB: automatic crash report generation.
[[0;32m  OK  [0m] Started Snap Daemon.
         Starting Wait until snapd is fully seeded...
[[0;32m  OK  [0m] Started Pollinate to seed the pseudo random number generator.
         Starting OpenBSD Secure Shell server...
[[0;32m  OK  [0m] Started OpenBSD Secure Shell server.
[[0;32m  OK  [0m] Started Wait until snapd is fully seeded.
         Starting Apply the settings specified in cloud-config...
[[0;32m  OK  [0m] Reached target Multi-User System.
[[0;32m  OK  [0m] Reached target Graphical Interface.
         Starting Update UTMP about System Runlevel Changes...
[[0;32m  OK  [0m] Started Update UTMP about System Runlevel Changes.
[   11.856045] cloud-init[1300]: Generating locales (this might take a while)...
[   12.242443] cloud-init[1300]:   en_US.UTF-8... done
[   12.243223] cloud-init[1300]: Generation complete.
[   12.428385] cloud-init[1300]: Cloud-init v. 21.1-19-gbad84ad4-0ubuntu1~16.04.2 running 'modules:config' at Mon, 11 Nov 2024 18:53:43 +0000. Up 11.79 seconds.
[[0;32m  OK  [0m] Started Apply the settings specified in cloud-config.
         Starting Execute cloud user/final scripts...
ci-info: no authorized SSH keys fingerprints found for user ubuntu.
<14>Nov 11 18:53:44 ec2: 
<14>Nov 11 18:53:44 ec2: #############################################################
<14>Nov 11 18:53:44 ec2: -----BEGIN SSH HOST KEY FINGERPRINTS-----
<14>Nov 11 18:53:44 ec2: 1024 SHA256:u0aElFg5EcGkt9X9RRRy7g7mSpVFpHPmITHABRkbXG0 root@ubuntu-xenial (DSA)
<14>Nov 11 18:53:44 ec2: 256 SHA256:zCIdvG2bexUt7OFJcLeeuj+sh5xEMyz/+iCxAeqpeFI root@ubuntu-xenial (ECDSA)
<14>Nov 11 18:53:44 ec2: 256 SHA256:FsyDcwstNkIeo6J6gQCvB0Fa7yAeolywbWug1nHOIIE root@ubuntu-xenial (ED25519)
<14>Nov 11 18:53:44 ec2: 2048 SHA256:rOgGbO/G9mkINAD1/ST7iHB8EoF6RkpO6DoYLNU6IXk root@ubuntu-xenial (RSA)
<14>Nov 11 18:53:44 ec2: -----END SSH HOST KEY FINGERPRINTS-----
<14>Nov 11 18:53:44 ec2: #############################################################
-----BEGIN SSH HOST KEY KEYS-----
ecdsa-sha2-nistp256 AAAAE2VjZHNhLXNoYTItbmlzdHAyNTYAAAAIbmlzdHAyNTYAAABBBJDb6LRGIN0rEyg/ctPRZOIqAGSJroypOL8+utpZ5p1shr7k5LR+LkP33ItaFQ5pB1eyxWX+fmEK3Hm2AzqR56U= root@ubuntu-xenial
ssh-ed25519 AAAAC3NzaC1lZDI1NTE5AAAAIBsRTECsR9cJBmGE6BQjeObYuf/PR3cYl7R3NewyaYTn root@ubuntu-xenial
ssh-rsa AAAAB3NzaC1yc2EAAAADAQABAAABAQDdUAvzp2YSatbpFq/vhD1KFTDdvWmeT/VffukaZRuD2coZpA9YagS8NqPs+o/C4Qt6T5FY3o0pJ+DBmWIciEEUOTV2toT/EI/XRxTPh0CM7W7nI4VtjHZoZ8C0Fo/VJACi6CqIlg6Q4POszS4Q3KHeoAVXyr5G0o5QtaNNI36KcW1zX29UBFAAN8ytAgcoVXlUTtP5xWJ1ygHoShX3QnOAkYVVewoZ7bDtJvxgZQRXtMKvUSF+jf6ODvcM9WyCdn4366IsfB21bEEJTeG0JOLdWE69QYggPQOyH/5ts1glzMW3i5DAct83HG8VxQWGZVit1DPu7Nb3N09KXYMuq4H/ root@ubuntu-xenial
-----END SSH HOST KEY KEYS-----
[[0;32m  OK  [0m] Created slice User Slice of vagrant.
[   12.732750] cloud-init[1343]: Cloud-init v. 21.1-19-gbad84ad4-0ubuntu1~16.04.2 running 'modules:final' at Mon, 11 Nov 2024 18:53:44 +0000. Up 12.63 seconds.
[   12.733831] cloud-init[1343]: ci-info: no authorized SSH keys fingerprints found for user ubuntu.
[   12.734610] cloud-init[1343]: Cloud-init v. 21.1-19-gbad84ad4-0ubuntu1~16.04.2 finished at Mon, 11 Nov 2024 18:53:44 +0000. Datasource DataSourceNoCloud [seed=/dev/sdb][dsmode=net].  Up 12.72 seconds
         Starting User Manager for UID 1000...
[[0;32m  OK  [0m] Started Session 1 of user vagrant.
[[0;32m  OK  [0m] Started User Manager for UID 1000.
[[0;32m  OK  [0m] Started Execute cloud user/final scripts.
[[0;32m  OK  [0m] Reached target Cloud-init target.

Ubuntu 16.04.7 LTS ubuntu-xenial ttyS0

ubuntu-xenial login: 